
[1;32m-------------------------å¯åŠ¨æµç¨‹å¼€å§‹ 2023-01-23 13:23:35-------------------------[0m

-------------------------ç«¯å£ä¿¡æ¯-------------------------

[5;34må‰ç«¯ç«¯å£ HTTP: 5000[0m


[5;34mé˜²ç«å¢™å·²å¼€æ”¾å‰ç«¯ HTTP ç«¯å£ 5000[0m


[5;34må‰ç«¯ç«¯å£ HTTPS: 5001[0m


[5;34mé˜²ç«å¢™å·²å¼€æ”¾å‰ç«¯ HTTPS ç«¯å£ 5001[0m


[5;34måç«¯ç«¯å£: 7001[0m

-------------------------å¯†é’¥ç”Ÿæˆ-------------------------

[1;32mæŒ‡çº¹å¯†é’¥å·²ç»å­˜åœ¨[0m


[1;32mtoken å·²ç»å­˜åœ¨[0m

-------------------------ç¯å¢ƒæ£€æµ‹-------------------------

[1;32mnode å·²å®‰è£… ç‰ˆæœ¬: v16.18.1 æ¨èçš„ node ç‰ˆæœ¬ä¸º >= v16.18.1[0m


[1;32mpm2  å·²å®‰è£… ç‰ˆæœ¬: 5.2.2[0m


[1;32mfirewalld  å·²å®‰è£… ç‰ˆæœ¬: 0.6.3[0m


[1;32må‰åç«¯ä¾èµ–å·²ç»ä¸‹è½½[0m


[35mè¿›å…¥æ ¹ç›®å½• /frp/waf[0m


[35mè¿›å…¥å‰ç«¯ç›®å½• /frp/waf/express[0m


[35mä¿®æ”¹å‰ç«¯æ‰§è¡Œæƒé™,æ‰§è¡Œå‘½ä»¤ chmod -R 777 express-linux[0m

-------------------------æ­£å¼å¯åŠ¨-------------------------

[35mè¿”å›æ ¹ç›®å½• /frp/waf å¯åŠ¨æœåŠ¡[0m


[35må¯åŠ¨æ—¥å¿—å­˜å‚¨åœ¨ /frp/waf/shell.log[0m


[1;32mæ­£åœ¨æ£€æµ‹æ˜¯å¦å­˜åœ¨å·²ç»å¯åŠ¨è¿‡æœåŠ¡æˆåŠŸ[0m


[1;32mæœåŠ¡å¯åŠ¨æˆåŠŸ[0m


[5;34må‰ç«¯ HTTP: æœ¬æœºIP:5000[0m


[5;34må‰ç«¯ HTTPS: æœ¬æœºIP:5001 (æœªéƒ¨ç½² HTTPS è¯·è®¿é—® HTTP)[0m


[5;34måç«¯: æœ¬æœºIP:7001[0m


[1;32m-------------------------å¯åŠ¨æµç¨‹ç»“æŸ 2023-01-23 13:23:57-------------------------[0m

tion at /frp/waf
[egg-scripts] Run node --no-deprecation --trace-warnings /frp/waf/node_modules/egg-scripts/lib/start-cluster {"title":"egg-server","baseDir":"/frp/waf","framework":"/frp/waf/node_modules/egg"} --title=egg-server
[egg-scripts] Save log file to /root/logs
[egg-scripts] Wait Start: 1...
[egg-scripts] Wait Start: 2...
[egg-scripts] Wait Start: 3...
[egg-scripts] Wait Start: 4...
[egg-scripts] egg started on http://0.0.0.0:7001

> express@1.0.0 start:linux
> pm2 start express-linux --name=HttpServer --exp-backoff-restart-delay=1000

[PM2] Applying action restartProcessId on app [express-linux](ids: [ 0 ])
[PM2] [HttpServer](0) âœ“
[PM2] Process successfully started
â”Œâ”€â”€â”€â”€â”€â”¬â”€â”€â”€â”€â”€â”€â”€â”€â”€â”€â”€â”€â”€â”€â”€â”¬â”€â”€â”€â”€â”€â”€â”€â”€â”€â”€â”€â”€â”€â”¬â”€â”€â”€â”€â”€â”€â”€â”€â”€â”¬â”€â”€â”€â”€â”€â”€â”€â”€â”€â”¬â”€â”€â”€â”€â”€â”€â”€â”€â”€â”€â”¬â”€â”€â”€â”€â”€â”€â”€â”€â”¬â”€â”€â”€â”€â”€â”€â”¬â”€â”€â”€â”€â”€â”€â”€â”€â”€â”€â”€â”¬â”€â”€â”€â”€â”€â”€â”€â”€â”€â”€â”¬â”€â”€â”€â”€â”€â”€â”€â”€â”€â”€â”¬â”€â”€â”€â”€â”€â”€â”€â”€â”€â”€â”¬â”€â”€â”€â”€â”€â”€â”€â”€â”€â”€â”
â”‚ id  â”‚ name          â”‚ namespace   â”‚ version â”‚ mode    â”‚ pid      â”‚ uptime â”‚ â†º    â”‚ status    â”‚ cpu      â”‚ mem      â”‚ user     â”‚ watching â”‚
â”œâ”€â”€â”€â”€â”€â”¼â”€â”€â”€â”€â”€â”€â”€â”€â”€â”€â”€â”€â”€â”€â”€â”¼â”€â”€â”€â”€â”€â”€â”€â”€â”€â”€â”€â”€â”€â”¼â”€â”€â”€â”€â”€â”€â”€â”€â”€â”¼â”€â”€â”€â”€â”€â”€â”€â”€â”€â”¼â”€â”€â”€â”€â”€â”€â”€â”€â”€â”€â”¼â”€â”€â”€â”€â”€â”€â”€â”€â”¼â”€â”€â”€â”€â”€â”€â”¼â”€â”€â”€â”€â”€â”€â”€â”€â”€â”€â”€â”¼â”€â”€â”€â”€â”€â”€â”€â”€â”€â”€â”¼â”€â”€â”€â”€â”€â”€â”€â”€â”€â”€â”¼â”€â”€â”€â”€â”€â”€â”€â”€â”€â”€â”¼â”€â”€â”€â”€â”€â”€â”€â”€â”€â”€â”¤
â”‚ 1   â”‚ FrpServer     â”‚ default     â”‚ N/A     â”‚ fork    â”‚ 1633     â”‚ 20s    â”‚ 0    â”‚ online    â”‚ 11.8%    â”‚ 25.8mb   â”‚ root     â”‚ disabled â”‚
â”‚ 0   â”‚ HttpServer    â”‚ default     â”‚ 1.0.0   â”‚ fork    â”‚ 1946     â”‚ 0s     â”‚ 1    â”‚ online    â”‚ 0%       â”‚ 7.6mb    â”‚ root     â”‚ disabled â”‚
â””â”€â”€â”€â”€â”€â”´â”€â”€â”€â”€â”€â”€â”€â”€â”€â”€â”€â”€â”€â”€â”€â”´â”€â”€â”€â”€â”€â”€â”€â”€â”€â”€â”€â”€â”€â”´â”€â”€â”€â”€â”€â”€â”€â”€â”€â”´â”€â”€â”€â”€â”€â”€â”€â”€â”€â”´â”€â”€â”€â”€â”€â”€â”€â”€â”€â”€â”´â”€â”€â”€â”€â”€â”€â”€â”€â”´â”€â”€â”€â”€â”€â”€â”´â”€â”€â”€â”€â”€â”€â”€â”€â”€â”€â”€â”´â”€â”€â”€â”€â”€â”€â”€â”€â”€â”€â”´â”€â”€â”€â”€â”€â”€â”€â”€â”€â”€â”´â”€â”€â”€â”€â”€â”€â”€â”€â”€â”€â”´â”€â”€â”€â”€â”€â”€â”€â”€â”€â”€â”˜
 
------------------------- 2023-01-23 13:23:57 -------------------------
